Flow report for pulse_picker_div
Thu Dec 19 17:11:17 2013
Quartus II Version 9.0 Build 132 02/25/2009 SJ Full Version


---------------------
; Table of Contents ;
---------------------
  1. Legal Notice
  2. Flow Summary
  3. Flow Settings
  4. Flow Non-Default Global Settings
  5. Flow Elapsed Time
  6. Flow OS Summary
  7. Flow Log



----------------
; Legal Notice ;
----------------
Copyright (C) 1991-2009 Altera Corporation
Your use of Altera Corporation's design tools, logic functions 
and other software and tools, and its AMPP partner logic 
functions, and any output files from any of the foregoing 
(including device programming or simulation files), and any 
associated documentation or information are expressly subject 
to the terms and conditions of the Altera Program License 
Subscription Agreement, Altera MegaCore Function License 
Agreement, or other applicable license agreement, including, 
without limitation, that your use is for the sole purpose of 
programming logic devices manufactured by Altera and sold by 
Altera or its authorized distributors.  Please refer to the 
applicable agreement for further details.



+--------------------------------------------------------------------+
; Flow Summary                                                       ;
+-------------------------+------------------------------------------+
; Flow Status             ; Successful - Thu Dec 19 17:11:17 2013    ;
; Quartus II Version      ; 9.0 Build 132 02/25/2009 SJ Full Version ;
; Revision Name           ; pulse_picker_div                         ;
; Top-level Entity Name   ; pulse_picker_div                         ;
; Family                  ; MAX7000S                                 ;
; Met timing requirements ; Yes                                      ;
; Total macrocells        ; 119 / 128 ( 93 % )                       ;
; Total pins              ; 20 / 68 ( 29 % )                         ;
; Device                  ; EPM7128SLC84-6                           ;
; Timing Models           ; Final                                    ;
+-------------------------+------------------------------------------+


+-----------------------------------------+
; Flow Settings                           ;
+-------------------+---------------------+
; Option            ; Setting             ;
+-------------------+---------------------+
; Start date & time ; 12/19/2013 17:11:11 ;
; Main task         ; Compilation         ;
; Revision Name     ; pulse_picker_div    ;
+-------------------+---------------------+


+------------------------------------------------------------------------------------------------------------------------+
; Flow Non-Default Global Settings                                                                                       ;
+---------------------------------+---------------------------------+---------------+-------------+----------------------+
; Assignment Name                 ; Value                           ; Default Value ; Entity Name ; Section Id           ;
+---------------------------------+---------------------------------+---------------+-------------+----------------------+
; COMPILER_SIGNATURE_ID           ; 255421807100945.138744427007248 ; --            ; --          ; --                   ;
; CUT_OFF_READ_DURING_WRITE_PATHS ; Off                             ; On            ; --          ; --                   ;
; EDA_INPUT_GND_NAME              ; Gnd                             ; --            ; --          ; eda_design_synthesis ;
; EDA_INPUT_VCC_NAME              ; Vcc                             ; --            ; --          ; eda_design_synthesis ;
; EDA_SHOW_LMF_MAPPING_MESSAGES   ; Off                             ; --            ; --          ; eda_design_synthesis ;
; EXCLUDE_TPD_PATHS_LESS_THAN     ; 0 ns                            ; --            ; --          ; --                   ;
+---------------------------------+---------------------------------+---------------+-------------+----------------------+


+-----------------------------------------------------------------------------------------------------------------------------+
; Flow Elapsed Time                                                                                                           ;
+-------------------------+--------------+-------------------------+---------------------+------------------------------------+
; Module Name             ; Elapsed Time ; Average Processors Used ; Peak Virtual Memory ; Total CPU Time (on all processors) ;
+-------------------------+--------------+-------------------------+---------------------+------------------------------------+
; Analysis & Synthesis    ; 00:00:02     ; 1.0                     ; 190 MB              ; 00:00:02                           ;
; Fitter                  ; 00:00:01     ; 1.0                     ; 139 MB              ; 00:00:00                           ;
; Assembler               ; 00:00:01     ; 1.0                     ; 144 MB              ; 00:00:01                           ;
; Classic Timing Analyzer ; 00:00:00     ; 1.0                     ; 118 MB              ; 00:00:00                           ;
; Total                   ; 00:00:04     ; --                      ; --                  ; 00:00:03                           ;
+-------------------------+--------------+-------------------------+---------------------+------------------------------------+


+---------------------------------------------------------------------------------------+
; Flow OS Summary                                                                       ;
+-------------------------+------------------+------------+------------+----------------+
; Module Name             ; Machine Hostname ; OS Name    ; OS Version ; Processor type ;
+-------------------------+------------------+------------+------------+----------------+
; Analysis & Synthesis    ; DL-WS-D3EB23     ; Windows XP ; 5.1        ; i686           ;
; Fitter                  ; DL-WS-D3EB23     ; Windows XP ; 5.1        ; i686           ;
; Assembler               ; DL-WS-D3EB23     ; Windows XP ; 5.1        ; i686           ;
; Classic Timing Analyzer ; DL-WS-D3EB23     ; Windows XP ; 5.1        ; i686           ;
+-------------------------+------------------+------------+------------+----------------+


------------
; Flow Log ;
------------
quartus_map --read_settings_files=on --write_settings_files=off pulse_picker_div -c pulse_picker_div
quartus_fit --read_settings_files=off --write_settings_files=off pulse_picker_div -c pulse_picker_div
quartus_asm --read_settings_files=off --write_settings_files=off pulse_picker_div -c pulse_picker_div
quartus_tan --read_settings_files=off --write_settings_files=off pulse_picker_div -c pulse_picker_div



