Classic Timing Analyzer report for pulse_picker
Thu Oct 31 17:02:29 2013
Quartus II Version 9.0 Build 132 02/25/2009 SJ Full Version


---------------------
; Table of Contents ;
---------------------
  1. Legal Notice
  2. Timing Analyzer Summary
  3. Timing Analyzer Settings
  4. Clock Settings Summary
  5. Parallel Compilation
  6. Clock Setup: 'PD_clk'
  7. tco
  8. tpd
  9. Timing Analyzer Messages



----------------
; Legal Notice ;
----------------
Copyright (C) 1991-2009 Altera Corporation
Your use of Altera Corporation's design tools, logic functions 
and other software and tools, and its AMPP partner logic 
functions, and any output files from any of the foregoing 
(including device programming or simulation files), and any 
associated documentation or information are expressly subject 
to the terms and conditions of the Altera Program License 
Subscription Agreement, Altera MegaCore Function License 
Agreement, or other applicable license agreement, including, 
without limitation, that your use is for the sole purpose of 
programming logic devices manufactured by Altera and sold by 
Altera or its authorized distributors.  Please refer to the 
applicable agreement for further details.



+----------------------------------------------------------------------------------------------------------------------------------------------------------------------------------------------------------------------------------------------------+
; Timing Analyzer Summary                                                                                                                                                                                                                            ;
+------------------------------+-------+---------------+----------------------------------+---------------------------------------------------------+---------------------------------------------------------+------------+----------+--------------+
; Type                         ; Slack ; Required Time ; Actual Time                      ; From                                                    ; To                                                      ; From Clock ; To Clock ; Failed Paths ;
+------------------------------+-------+---------------+----------------------------------+---------------------------------------------------------+---------------------------------------------------------+------------+----------+--------------+
; Worst-case tco               ; N/A   ; None          ; 7.600 ns                         ; pulse_picker_nondelay:64|lpm_counter:tmp2_rtl_0|dffs[5] ; AA                                                      ; PD_clk     ; --       ; 0            ;
; Worst-case tpd               ; N/A   ; None          ; 4.500 ns                         ; clk                                                     ; out                                                     ; --         ; --       ; 0            ;
; Clock Setup: 'PD_clk'        ; N/A   ; None          ; 217.39 MHz ( period = 4.600 ns ) ; pulse_picker_nondelay:64|lpm_counter:tmp2_rtl_0|dffs[2] ; pulse_picker_nondelay:64|lpm_counter:tmp2_rtl_0|dffs[5] ; PD_clk     ; PD_clk   ; 0            ;
; Total number of failed paths ;       ;               ;                                  ;                                                         ;                                                         ;            ;          ; 0            ;
+------------------------------+-------+---------------+----------------------------------+---------------------------------------------------------+---------------------------------------------------------+------------+----------+--------------+


+--------------------------------------------------------------------------------------------------------------------+
; Timing Analyzer Settings                                                                                           ;
+---------------------------------------------------------------------+--------------------+------+----+-------------+
; Option                                                              ; Setting            ; From ; To ; Entity Name ;
+---------------------------------------------------------------------+--------------------+------+----+-------------+
; Device Name                                                         ; EPM3064ATC44-4     ;      ;    ;             ;
; Timing Models                                                       ; Final              ;      ;    ;             ;
; Default hold multicycle                                             ; Same as Multicycle ;      ;    ;             ;
; Cut paths between unrelated clock domains                           ; On                 ;      ;    ;             ;
; Cut off read during write signal paths                              ; Off                ;      ;    ;             ;
; Cut off feedback from I/O pins                                      ; On                 ;      ;    ;             ;
; Report Combined Fast/Slow Timing                                    ; Off                ;      ;    ;             ;
; Ignore Clock Settings                                               ; Off                ;      ;    ;             ;
; Analyze latches as synchronous elements                             ; On                 ;      ;    ;             ;
; Enable Recovery/Removal analysis                                    ; Off                ;      ;    ;             ;
; Enable Clock Latency                                                ; Off                ;      ;    ;             ;
; Use TimeQuest Timing Analyzer                                       ; Off                ;      ;    ;             ;
; Number of source nodes to report per destination node               ; 10                 ;      ;    ;             ;
; Number of destination nodes to report                               ; 10                 ;      ;    ;             ;
; Number of paths to report                                           ; 200                ;      ;    ;             ;
; Minimum tpd to report                                               ; 0 ns               ;      ;    ;             ;
; Report Minimum Timing Checks                                        ; Off                ;      ;    ;             ;
; Use Fast Timing Models                                              ; Off                ;      ;    ;             ;
; Report IO Paths Separately                                          ; Off                ;      ;    ;             ;
; Perform Multicorner Analysis                                        ; Off                ;      ;    ;             ;
; Reports the worst-case path for each clock domain and analysis      ; Off                ;      ;    ;             ;
; Removes common clock path pessimism (CCPP) during slack computation ; Off                ;      ;    ;             ;
; Output I/O Timing Endpoint                                          ; Near End           ;      ;    ;             ;
+---------------------------------------------------------------------+--------------------+------+----+-------------+


+------------------------------------------------------------------------------------------------------------------------------------------------------------------------------------+
; Clock Settings Summary                                                                                                                                                             ;
+-----------------+--------------------+----------+------------------+---------------+--------------+----------+-----------------------+---------------------+--------+--------------+
; Clock Node Name ; Clock Setting Name ; Type     ; Fmax Requirement ; Early Latency ; Late Latency ; Based on ; Multiply Base Fmax by ; Divide Base Fmax by ; Offset ; Phase offset ;
+-----------------+--------------------+----------+------------------+---------------+--------------+----------+-----------------------+---------------------+--------+--------------+
; PD_clk          ;                    ; User Pin ; None             ; 0.000 ns      ; 0.000 ns     ; --       ; N/A                   ; N/A                 ; N/A    ;              ;
+-----------------+--------------------+----------+------------------+---------------+--------------+----------+-----------------------+---------------------+--------+--------------+


+------------------------------------------+
; Parallel Compilation                     ;
+----------------------------+-------------+
; Processors                 ; Number      ;
+----------------------------+-------------+
; Number detected on machine ; 2           ;
; Maximum allowed            ; 2           ;
;                            ;             ;
; Average used               ; 1.00        ;
; Maximum used               ; 1           ;
;                            ;             ;
; Usage by Processor         ; % Time Used ;
;     1 processor            ; 100.0%      ;
;     2 processors           ;   0.0%      ;
+----------------------------+-------------+


+--------------------------------------------------------------------------------------------------------------------------------------------------------------------------------------------------------------------------------------------------------------------------+
; Clock Setup: 'PD_clk'                                                                                                                                                                                                                                                    ;
+-------+----------------------------------+---------------------------------------------------------+---------------------------------------------------------+------------+----------+-----------------------------+---------------------------+-------------------------+
; Slack ; Actual fmax (period)             ; From                                                    ; To                                                      ; From Clock ; To Clock ; Required Setup Relationship ; Required Longest P2P Time ; Actual Longest P2P Time ;
+-------+----------------------------------+---------------------------------------------------------+---------------------------------------------------------+------------+----------+-----------------------------+---------------------------+-------------------------+
; N/A   ; 217.39 MHz ( period = 4.600 ns ) ; pulse_picker_nondelay:64|lpm_counter:tmp2_rtl_0|dffs[3] ; pulse_picker_nondelay:64|lpm_counter:tmp2_rtl_0|dffs[4] ; PD_clk     ; PD_clk   ; None                        ; None                      ; 2.600 ns                ;
; N/A   ; 217.39 MHz ( period = 4.600 ns ) ; pulse_picker_nondelay:64|lpm_counter:tmp2_rtl_0|dffs[1] ; pulse_picker_nondelay:64|lpm_counter:tmp2_rtl_0|dffs[4] ; PD_clk     ; PD_clk   ; None                        ; None                      ; 2.600 ns                ;
; N/A   ; 217.39 MHz ( period = 4.600 ns ) ; pulse_picker_nondelay:64|lpm_counter:tmp2_rtl_0|dffs[2] ; pulse_picker_nondelay:64|lpm_counter:tmp2_rtl_0|dffs[4] ; PD_clk     ; PD_clk   ; None                        ; None                      ; 2.600 ns                ;
; N/A   ; 217.39 MHz ( period = 4.600 ns ) ; pulse_picker_nondelay:64|lpm_counter:tmp2_rtl_0|dffs[4] ; pulse_picker_nondelay:64|lpm_counter:tmp2_rtl_0|dffs[0] ; PD_clk     ; PD_clk   ; None                        ; None                      ; 2.600 ns                ;
; N/A   ; 217.39 MHz ( period = 4.600 ns ) ; pulse_picker_nondelay:64|lpm_counter:tmp2_rtl_0|dffs[3] ; pulse_picker_nondelay:64|lpm_counter:tmp2_rtl_0|dffs[0] ; PD_clk     ; PD_clk   ; None                        ; None                      ; 2.600 ns                ;
; N/A   ; 217.39 MHz ( period = 4.600 ns ) ; pulse_picker_nondelay:64|lpm_counter:tmp2_rtl_0|dffs[1] ; pulse_picker_nondelay:64|lpm_counter:tmp2_rtl_0|dffs[0] ; PD_clk     ; PD_clk   ; None                        ; None                      ; 2.600 ns                ;
; N/A   ; 217.39 MHz ( period = 4.600 ns ) ; pulse_picker_nondelay:64|lpm_counter:tmp2_rtl_0|dffs[2] ; pulse_picker_nondelay:64|lpm_counter:tmp2_rtl_0|dffs[0] ; PD_clk     ; PD_clk   ; None                        ; None                      ; 2.600 ns                ;
; N/A   ; 217.39 MHz ( period = 4.600 ns ) ; pulse_picker_nondelay:64|lpm_counter:tmp2_rtl_0|dffs[5] ; pulse_picker_nondelay:64|lpm_counter:tmp2_rtl_0|dffs[0] ; PD_clk     ; PD_clk   ; None                        ; None                      ; 2.600 ns                ;
; N/A   ; 217.39 MHz ( period = 4.600 ns ) ; pulse_picker_nondelay:64|lpm_counter:tmp2_rtl_0|dffs[1] ; pulse_picker_nondelay:64|lpm_counter:tmp2_rtl_0|dffs[3] ; PD_clk     ; PD_clk   ; None                        ; None                      ; 2.600 ns                ;
; N/A   ; 217.39 MHz ( period = 4.600 ns ) ; pulse_picker_nondelay:64|lpm_counter:tmp2_rtl_0|dffs[2] ; pulse_picker_nondelay:64|lpm_counter:tmp2_rtl_0|dffs[3] ; PD_clk     ; PD_clk   ; None                        ; None                      ; 2.600 ns                ;
; N/A   ; 217.39 MHz ( period = 4.600 ns ) ; pulse_picker_nondelay:64|lpm_counter:tmp2_rtl_0|dffs[1] ; pulse_picker_nondelay:64|lpm_counter:tmp2_rtl_0|dffs[2] ; PD_clk     ; PD_clk   ; None                        ; None                      ; 2.600 ns                ;
; N/A   ; 217.39 MHz ( period = 4.600 ns ) ; pulse_picker_nondelay:64|lpm_counter:tmp2_rtl_0|dffs[4] ; pulse_picker_nondelay:64|lpm_counter:tmp2_rtl_0|dffs[5] ; PD_clk     ; PD_clk   ; None                        ; None                      ; 2.600 ns                ;
; N/A   ; 217.39 MHz ( period = 4.600 ns ) ; pulse_picker_nondelay:64|lpm_counter:tmp2_rtl_0|dffs[3] ; pulse_picker_nondelay:64|lpm_counter:tmp2_rtl_0|dffs[5] ; PD_clk     ; PD_clk   ; None                        ; None                      ; 2.600 ns                ;
; N/A   ; 217.39 MHz ( period = 4.600 ns ) ; pulse_picker_nondelay:64|lpm_counter:tmp2_rtl_0|dffs[1] ; pulse_picker_nondelay:64|lpm_counter:tmp2_rtl_0|dffs[5] ; PD_clk     ; PD_clk   ; None                        ; None                      ; 2.600 ns                ;
; N/A   ; 217.39 MHz ( period = 4.600 ns ) ; pulse_picker_nondelay:64|lpm_counter:tmp2_rtl_0|dffs[2] ; pulse_picker_nondelay:64|lpm_counter:tmp2_rtl_0|dffs[5] ; PD_clk     ; PD_clk   ; None                        ; None                      ; 2.600 ns                ;
; N/A   ; 222.22 MHz ( period = 4.500 ns ) ; pulse_picker_nondelay:64|tmp1[0]                        ; pulse_picker_nondelay:64|tmp1[0]                        ; PD_clk     ; PD_clk   ; None                        ; None                      ; 2.500 ns                ;
; N/A   ; 222.22 MHz ( period = 4.500 ns ) ; pulse_picker_nondelay:64|tmp1[0]                        ; pulse_picker_nondelay:64|tmp1[1]                        ; PD_clk     ; PD_clk   ; None                        ; None                      ; 2.500 ns                ;
; N/A   ; 222.22 MHz ( period = 4.500 ns ) ; pulse_picker_nondelay:64|tmp1[1]                        ; pulse_picker_nondelay:64|tmp1[1]                        ; PD_clk     ; PD_clk   ; None                        ; None                      ; 2.500 ns                ;
; N/A   ; 222.22 MHz ( period = 4.500 ns ) ; pulse_picker_nondelay:64|tmp1[0]                        ; pulse_picker_nondelay:64|tmp1[2]                        ; PD_clk     ; PD_clk   ; None                        ; None                      ; 2.500 ns                ;
; N/A   ; 222.22 MHz ( period = 4.500 ns ) ; pulse_picker_nondelay:64|tmp1[1]                        ; pulse_picker_nondelay:64|tmp1[2]                        ; PD_clk     ; PD_clk   ; None                        ; None                      ; 2.500 ns                ;
; N/A   ; 222.22 MHz ( period = 4.500 ns ) ; pulse_picker_nondelay:64|tmp1[2]                        ; pulse_picker_nondelay:64|tmp1[2]                        ; PD_clk     ; PD_clk   ; None                        ; None                      ; 2.500 ns                ;
; N/A   ; 222.22 MHz ( period = 4.500 ns ) ; pulse_picker_nondelay:64|tmp1[12]                       ; pulse_picker_nondelay:64|tmp1[2]                        ; PD_clk     ; PD_clk   ; None                        ; None                      ; 2.500 ns                ;
; N/A   ; 222.22 MHz ( period = 4.500 ns ) ; pulse_picker_nondelay:64|tmp1[11]                       ; pulse_picker_nondelay:64|tmp1[2]                        ; PD_clk     ; PD_clk   ; None                        ; None                      ; 2.500 ns                ;
; N/A   ; 222.22 MHz ( period = 4.500 ns ) ; pulse_picker_nondelay:64|tmp1[10]                       ; pulse_picker_nondelay:64|tmp1[2]                        ; PD_clk     ; PD_clk   ; None                        ; None                      ; 2.500 ns                ;
; N/A   ; 222.22 MHz ( period = 4.500 ns ) ; pulse_picker_nondelay:64|tmp1[9]                        ; pulse_picker_nondelay:64|tmp1[2]                        ; PD_clk     ; PD_clk   ; None                        ; None                      ; 2.500 ns                ;
; N/A   ; 222.22 MHz ( period = 4.500 ns ) ; pulse_picker_nondelay:64|tmp1[8]                        ; pulse_picker_nondelay:64|tmp1[2]                        ; PD_clk     ; PD_clk   ; None                        ; None                      ; 2.500 ns                ;
; N/A   ; 222.22 MHz ( period = 4.500 ns ) ; pulse_picker_nondelay:64|tmp1[7]                        ; pulse_picker_nondelay:64|tmp1[2]                        ; PD_clk     ; PD_clk   ; None                        ; None                      ; 2.500 ns                ;
; N/A   ; 222.22 MHz ( period = 4.500 ns ) ; pulse_picker_nondelay:64|tmp1[6]                        ; pulse_picker_nondelay:64|tmp1[2]                        ; PD_clk     ; PD_clk   ; None                        ; None                      ; 2.500 ns                ;
; N/A   ; 222.22 MHz ( period = 4.500 ns ) ; pulse_picker_nondelay:64|tmp1[5]                        ; pulse_picker_nondelay:64|tmp1[2]                        ; PD_clk     ; PD_clk   ; None                        ; None                      ; 2.500 ns                ;
; N/A   ; 222.22 MHz ( period = 4.500 ns ) ; pulse_picker_nondelay:64|tmp1[4]                        ; pulse_picker_nondelay:64|tmp1[2]                        ; PD_clk     ; PD_clk   ; None                        ; None                      ; 2.500 ns                ;
; N/A   ; 222.22 MHz ( period = 4.500 ns ) ; pulse_picker_nondelay:64|tmp1[3]                        ; pulse_picker_nondelay:64|tmp1[2]                        ; PD_clk     ; PD_clk   ; None                        ; None                      ; 2.500 ns                ;
; N/A   ; 222.22 MHz ( period = 4.500 ns ) ; pulse_picker_nondelay:64|tmp1[0]                        ; pulse_picker_nondelay:64|tmp1[12]                       ; PD_clk     ; PD_clk   ; None                        ; None                      ; 2.500 ns                ;
; N/A   ; 222.22 MHz ( period = 4.500 ns ) ; pulse_picker_nondelay:64|tmp1[1]                        ; pulse_picker_nondelay:64|tmp1[12]                       ; PD_clk     ; PD_clk   ; None                        ; None                      ; 2.500 ns                ;
; N/A   ; 222.22 MHz ( period = 4.500 ns ) ; pulse_picker_nondelay:64|tmp1[2]                        ; pulse_picker_nondelay:64|tmp1[12]                       ; PD_clk     ; PD_clk   ; None                        ; None                      ; 2.500 ns                ;
; N/A   ; 222.22 MHz ( period = 4.500 ns ) ; pulse_picker_nondelay:64|tmp1[12]                       ; pulse_picker_nondelay:64|tmp1[12]                       ; PD_clk     ; PD_clk   ; None                        ; None                      ; 2.500 ns                ;
; N/A   ; 222.22 MHz ( period = 4.500 ns ) ; pulse_picker_nondelay:64|tmp1[11]                       ; pulse_picker_nondelay:64|tmp1[12]                       ; PD_clk     ; PD_clk   ; None                        ; None                      ; 2.500 ns                ;
; N/A   ; 222.22 MHz ( period = 4.500 ns ) ; pulse_picker_nondelay:64|tmp1[10]                       ; pulse_picker_nondelay:64|tmp1[12]                       ; PD_clk     ; PD_clk   ; None                        ; None                      ; 2.500 ns                ;
; N/A   ; 222.22 MHz ( period = 4.500 ns ) ; pulse_picker_nondelay:64|tmp1[9]                        ; pulse_picker_nondelay:64|tmp1[12]                       ; PD_clk     ; PD_clk   ; None                        ; None                      ; 2.500 ns                ;
; N/A   ; 222.22 MHz ( period = 4.500 ns ) ; pulse_picker_nondelay:64|tmp1[8]                        ; pulse_picker_nondelay:64|tmp1[12]                       ; PD_clk     ; PD_clk   ; None                        ; None                      ; 2.500 ns                ;
; N/A   ; 222.22 MHz ( period = 4.500 ns ) ; pulse_picker_nondelay:64|tmp1[7]                        ; pulse_picker_nondelay:64|tmp1[12]                       ; PD_clk     ; PD_clk   ; None                        ; None                      ; 2.500 ns                ;
; N/A   ; 222.22 MHz ( period = 4.500 ns ) ; pulse_picker_nondelay:64|tmp1[6]                        ; pulse_picker_nondelay:64|tmp1[12]                       ; PD_clk     ; PD_clk   ; None                        ; None                      ; 2.500 ns                ;
; N/A   ; 222.22 MHz ( period = 4.500 ns ) ; pulse_picker_nondelay:64|tmp1[5]                        ; pulse_picker_nondelay:64|tmp1[12]                       ; PD_clk     ; PD_clk   ; None                        ; None                      ; 2.500 ns                ;
; N/A   ; 222.22 MHz ( period = 4.500 ns ) ; pulse_picker_nondelay:64|tmp1[4]                        ; pulse_picker_nondelay:64|tmp1[12]                       ; PD_clk     ; PD_clk   ; None                        ; None                      ; 2.500 ns                ;
; N/A   ; 222.22 MHz ( period = 4.500 ns ) ; pulse_picker_nondelay:64|tmp1[3]                        ; pulse_picker_nondelay:64|tmp1[12]                       ; PD_clk     ; PD_clk   ; None                        ; None                      ; 2.500 ns                ;
; N/A   ; 222.22 MHz ( period = 4.500 ns ) ; pulse_picker_nondelay:64|tmp1[0]                        ; pulse_picker_nondelay:64|tmp1[11]                       ; PD_clk     ; PD_clk   ; None                        ; None                      ; 2.500 ns                ;
; N/A   ; 222.22 MHz ( period = 4.500 ns ) ; pulse_picker_nondelay:64|tmp1[1]                        ; pulse_picker_nondelay:64|tmp1[11]                       ; PD_clk     ; PD_clk   ; None                        ; None                      ; 2.500 ns                ;
; N/A   ; 222.22 MHz ( period = 4.500 ns ) ; pulse_picker_nondelay:64|tmp1[2]                        ; pulse_picker_nondelay:64|tmp1[11]                       ; PD_clk     ; PD_clk   ; None                        ; None                      ; 2.500 ns                ;
; N/A   ; 222.22 MHz ( period = 4.500 ns ) ; pulse_picker_nondelay:64|tmp1[11]                       ; pulse_picker_nondelay:64|tmp1[11]                       ; PD_clk     ; PD_clk   ; None                        ; None                      ; 2.500 ns                ;
; N/A   ; 222.22 MHz ( period = 4.500 ns ) ; pulse_picker_nondelay:64|tmp1[10]                       ; pulse_picker_nondelay:64|tmp1[11]                       ; PD_clk     ; PD_clk   ; None                        ; None                      ; 2.500 ns                ;
; N/A   ; 222.22 MHz ( period = 4.500 ns ) ; pulse_picker_nondelay:64|tmp1[9]                        ; pulse_picker_nondelay:64|tmp1[11]                       ; PD_clk     ; PD_clk   ; None                        ; None                      ; 2.500 ns                ;
; N/A   ; 222.22 MHz ( period = 4.500 ns ) ; pulse_picker_nondelay:64|tmp1[8]                        ; pulse_picker_nondelay:64|tmp1[11]                       ; PD_clk     ; PD_clk   ; None                        ; None                      ; 2.500 ns                ;
; N/A   ; 222.22 MHz ( period = 4.500 ns ) ; pulse_picker_nondelay:64|tmp1[7]                        ; pulse_picker_nondelay:64|tmp1[11]                       ; PD_clk     ; PD_clk   ; None                        ; None                      ; 2.500 ns                ;
; N/A   ; 222.22 MHz ( period = 4.500 ns ) ; pulse_picker_nondelay:64|tmp1[6]                        ; pulse_picker_nondelay:64|tmp1[11]                       ; PD_clk     ; PD_clk   ; None                        ; None                      ; 2.500 ns                ;
; N/A   ; 222.22 MHz ( period = 4.500 ns ) ; pulse_picker_nondelay:64|tmp1[5]                        ; pulse_picker_nondelay:64|tmp1[11]                       ; PD_clk     ; PD_clk   ; None                        ; None                      ; 2.500 ns                ;
; N/A   ; 222.22 MHz ( period = 4.500 ns ) ; pulse_picker_nondelay:64|tmp1[4]                        ; pulse_picker_nondelay:64|tmp1[11]                       ; PD_clk     ; PD_clk   ; None                        ; None                      ; 2.500 ns                ;
; N/A   ; 222.22 MHz ( period = 4.500 ns ) ; pulse_picker_nondelay:64|tmp1[3]                        ; pulse_picker_nondelay:64|tmp1[11]                       ; PD_clk     ; PD_clk   ; None                        ; None                      ; 2.500 ns                ;
; N/A   ; 222.22 MHz ( period = 4.500 ns ) ; pulse_picker_nondelay:64|tmp1[0]                        ; pulse_picker_nondelay:64|tmp1[10]                       ; PD_clk     ; PD_clk   ; None                        ; None                      ; 2.500 ns                ;
; N/A   ; 222.22 MHz ( period = 4.500 ns ) ; pulse_picker_nondelay:64|tmp1[1]                        ; pulse_picker_nondelay:64|tmp1[10]                       ; PD_clk     ; PD_clk   ; None                        ; None                      ; 2.500 ns                ;
; N/A   ; 222.22 MHz ( period = 4.500 ns ) ; pulse_picker_nondelay:64|tmp1[2]                        ; pulse_picker_nondelay:64|tmp1[10]                       ; PD_clk     ; PD_clk   ; None                        ; None                      ; 2.500 ns                ;
; N/A   ; 222.22 MHz ( period = 4.500 ns ) ; pulse_picker_nondelay:64|tmp1[10]                       ; pulse_picker_nondelay:64|tmp1[10]                       ; PD_clk     ; PD_clk   ; None                        ; None                      ; 2.500 ns                ;
; N/A   ; 222.22 MHz ( period = 4.500 ns ) ; pulse_picker_nondelay:64|tmp1[9]                        ; pulse_picker_nondelay:64|tmp1[10]                       ; PD_clk     ; PD_clk   ; None                        ; None                      ; 2.500 ns                ;
; N/A   ; 222.22 MHz ( period = 4.500 ns ) ; pulse_picker_nondelay:64|tmp1[8]                        ; pulse_picker_nondelay:64|tmp1[10]                       ; PD_clk     ; PD_clk   ; None                        ; None                      ; 2.500 ns                ;
; N/A   ; 222.22 MHz ( period = 4.500 ns ) ; pulse_picker_nondelay:64|tmp1[7]                        ; pulse_picker_nondelay:64|tmp1[10]                       ; PD_clk     ; PD_clk   ; None                        ; None                      ; 2.500 ns                ;
; N/A   ; 222.22 MHz ( period = 4.500 ns ) ; pulse_picker_nondelay:64|tmp1[6]                        ; pulse_picker_nondelay:64|tmp1[10]                       ; PD_clk     ; PD_clk   ; None                        ; None                      ; 2.500 ns                ;
; N/A   ; 222.22 MHz ( period = 4.500 ns ) ; pulse_picker_nondelay:64|tmp1[5]                        ; pulse_picker_nondelay:64|tmp1[10]                       ; PD_clk     ; PD_clk   ; None                        ; None                      ; 2.500 ns                ;
; N/A   ; 222.22 MHz ( period = 4.500 ns ) ; pulse_picker_nondelay:64|tmp1[4]                        ; pulse_picker_nondelay:64|tmp1[10]                       ; PD_clk     ; PD_clk   ; None                        ; None                      ; 2.500 ns                ;
; N/A   ; 222.22 MHz ( period = 4.500 ns ) ; pulse_picker_nondelay:64|tmp1[3]                        ; pulse_picker_nondelay:64|tmp1[10]                       ; PD_clk     ; PD_clk   ; None                        ; None                      ; 2.500 ns                ;
; N/A   ; 222.22 MHz ( period = 4.500 ns ) ; pulse_picker_nondelay:64|tmp1[0]                        ; pulse_picker_nondelay:64|tmp1[9]                        ; PD_clk     ; PD_clk   ; None                        ; None                      ; 2.500 ns                ;
; N/A   ; 222.22 MHz ( period = 4.500 ns ) ; pulse_picker_nondelay:64|tmp1[1]                        ; pulse_picker_nondelay:64|tmp1[9]                        ; PD_clk     ; PD_clk   ; None                        ; None                      ; 2.500 ns                ;
; N/A   ; 222.22 MHz ( period = 4.500 ns ) ; pulse_picker_nondelay:64|tmp1[2]                        ; pulse_picker_nondelay:64|tmp1[9]                        ; PD_clk     ; PD_clk   ; None                        ; None                      ; 2.500 ns                ;
; N/A   ; 222.22 MHz ( period = 4.500 ns ) ; pulse_picker_nondelay:64|tmp1[9]                        ; pulse_picker_nondelay:64|tmp1[9]                        ; PD_clk     ; PD_clk   ; None                        ; None                      ; 2.500 ns                ;
; N/A   ; 222.22 MHz ( period = 4.500 ns ) ; pulse_picker_nondelay:64|tmp1[8]                        ; pulse_picker_nondelay:64|tmp1[9]                        ; PD_clk     ; PD_clk   ; None                        ; None                      ; 2.500 ns                ;
; N/A   ; 222.22 MHz ( period = 4.500 ns ) ; pulse_picker_nondelay:64|tmp1[7]                        ; pulse_picker_nondelay:64|tmp1[9]                        ; PD_clk     ; PD_clk   ; None                        ; None                      ; 2.500 ns                ;
; N/A   ; 222.22 MHz ( period = 4.500 ns ) ; pulse_picker_nondelay:64|tmp1[6]                        ; pulse_picker_nondelay:64|tmp1[9]                        ; PD_clk     ; PD_clk   ; None                        ; None                      ; 2.500 ns                ;
; N/A   ; 222.22 MHz ( period = 4.500 ns ) ; pulse_picker_nondelay:64|tmp1[5]                        ; pulse_picker_nondelay:64|tmp1[9]                        ; PD_clk     ; PD_clk   ; None                        ; None                      ; 2.500 ns                ;
; N/A   ; 222.22 MHz ( period = 4.500 ns ) ; pulse_picker_nondelay:64|tmp1[4]                        ; pulse_picker_nondelay:64|tmp1[9]                        ; PD_clk     ; PD_clk   ; None                        ; None                      ; 2.500 ns                ;
; N/A   ; 222.22 MHz ( period = 4.500 ns ) ; pulse_picker_nondelay:64|tmp1[3]                        ; pulse_picker_nondelay:64|tmp1[9]                        ; PD_clk     ; PD_clk   ; None                        ; None                      ; 2.500 ns                ;
; N/A   ; 222.22 MHz ( period = 4.500 ns ) ; pulse_picker_nondelay:64|tmp1[0]                        ; pulse_picker_nondelay:64|tmp1[8]                        ; PD_clk     ; PD_clk   ; None                        ; None                      ; 2.500 ns                ;
; N/A   ; 222.22 MHz ( period = 4.500 ns ) ; pulse_picker_nondelay:64|tmp1[1]                        ; pulse_picker_nondelay:64|tmp1[8]                        ; PD_clk     ; PD_clk   ; None                        ; None                      ; 2.500 ns                ;
; N/A   ; 222.22 MHz ( period = 4.500 ns ) ; pulse_picker_nondelay:64|tmp1[2]                        ; pulse_picker_nondelay:64|tmp1[8]                        ; PD_clk     ; PD_clk   ; None                        ; None                      ; 2.500 ns                ;
; N/A   ; 222.22 MHz ( period = 4.500 ns ) ; pulse_picker_nondelay:64|tmp1[8]                        ; pulse_picker_nondelay:64|tmp1[8]                        ; PD_clk     ; PD_clk   ; None                        ; None                      ; 2.500 ns                ;
; N/A   ; 222.22 MHz ( period = 4.500 ns ) ; pulse_picker_nondelay:64|tmp1[7]                        ; pulse_picker_nondelay:64|tmp1[8]                        ; PD_clk     ; PD_clk   ; None                        ; None                      ; 2.500 ns                ;
; N/A   ; 222.22 MHz ( period = 4.500 ns ) ; pulse_picker_nondelay:64|tmp1[6]                        ; pulse_picker_nondelay:64|tmp1[8]                        ; PD_clk     ; PD_clk   ; None                        ; None                      ; 2.500 ns                ;
; N/A   ; 222.22 MHz ( period = 4.500 ns ) ; pulse_picker_nondelay:64|tmp1[5]                        ; pulse_picker_nondelay:64|tmp1[8]                        ; PD_clk     ; PD_clk   ; None                        ; None                      ; 2.500 ns                ;
; N/A   ; 222.22 MHz ( period = 4.500 ns ) ; pulse_picker_nondelay:64|tmp1[4]                        ; pulse_picker_nondelay:64|tmp1[8]                        ; PD_clk     ; PD_clk   ; None                        ; None                      ; 2.500 ns                ;
; N/A   ; 222.22 MHz ( period = 4.500 ns ) ; pulse_picker_nondelay:64|tmp1[3]                        ; pulse_picker_nondelay:64|tmp1[8]                        ; PD_clk     ; PD_clk   ; None                        ; None                      ; 2.500 ns                ;
; N/A   ; 222.22 MHz ( period = 4.500 ns ) ; pulse_picker_nondelay:64|tmp1[0]                        ; pulse_picker_nondelay:64|tmp1[7]                        ; PD_clk     ; PD_clk   ; None                        ; None                      ; 2.500 ns                ;
; N/A   ; 222.22 MHz ( period = 4.500 ns ) ; pulse_picker_nondelay:64|tmp1[1]                        ; pulse_picker_nondelay:64|tmp1[7]                        ; PD_clk     ; PD_clk   ; None                        ; None                      ; 2.500 ns                ;
; N/A   ; 222.22 MHz ( period = 4.500 ns ) ; pulse_picker_nondelay:64|tmp1[2]                        ; pulse_picker_nondelay:64|tmp1[7]                        ; PD_clk     ; PD_clk   ; None                        ; None                      ; 2.500 ns                ;
; N/A   ; 222.22 MHz ( period = 4.500 ns ) ; pulse_picker_nondelay:64|tmp1[7]                        ; pulse_picker_nondelay:64|tmp1[7]                        ; PD_clk     ; PD_clk   ; None                        ; None                      ; 2.500 ns                ;
; N/A   ; 222.22 MHz ( period = 4.500 ns ) ; pulse_picker_nondelay:64|tmp1[6]                        ; pulse_picker_nondelay:64|tmp1[7]                        ; PD_clk     ; PD_clk   ; None                        ; None                      ; 2.500 ns                ;
; N/A   ; 222.22 MHz ( period = 4.500 ns ) ; pulse_picker_nondelay:64|tmp1[5]                        ; pulse_picker_nondelay:64|tmp1[7]                        ; PD_clk     ; PD_clk   ; None                        ; None                      ; 2.500 ns                ;
; N/A   ; 222.22 MHz ( period = 4.500 ns ) ; pulse_picker_nondelay:64|tmp1[4]                        ; pulse_picker_nondelay:64|tmp1[7]                        ; PD_clk     ; PD_clk   ; None                        ; None                      ; 2.500 ns                ;
; N/A   ; 222.22 MHz ( period = 4.500 ns ) ; pulse_picker_nondelay:64|tmp1[3]                        ; pulse_picker_nondelay:64|tmp1[7]                        ; PD_clk     ; PD_clk   ; None                        ; None                      ; 2.500 ns                ;
; N/A   ; 222.22 MHz ( period = 4.500 ns ) ; pulse_picker_nondelay:64|tmp1[0]                        ; pulse_picker_nondelay:64|tmp1[6]                        ; PD_clk     ; PD_clk   ; None                        ; None                      ; 2.500 ns                ;
; N/A   ; 222.22 MHz ( period = 4.500 ns ) ; pulse_picker_nondelay:64|tmp1[1]                        ; pulse_picker_nondelay:64|tmp1[6]                        ; PD_clk     ; PD_clk   ; None                        ; None                      ; 2.500 ns                ;
; N/A   ; 222.22 MHz ( period = 4.500 ns ) ; pulse_picker_nondelay:64|tmp1[2]                        ; pulse_picker_nondelay:64|tmp1[6]                        ; PD_clk     ; PD_clk   ; None                        ; None                      ; 2.500 ns                ;
; N/A   ; 222.22 MHz ( period = 4.500 ns ) ; pulse_picker_nondelay:64|tmp1[6]                        ; pulse_picker_nondelay:64|tmp1[6]                        ; PD_clk     ; PD_clk   ; None                        ; None                      ; 2.500 ns                ;
; N/A   ; 222.22 MHz ( period = 4.500 ns ) ; pulse_picker_nondelay:64|tmp1[5]                        ; pulse_picker_nondelay:64|tmp1[6]                        ; PD_clk     ; PD_clk   ; None                        ; None                      ; 2.500 ns                ;
; N/A   ; 222.22 MHz ( period = 4.500 ns ) ; pulse_picker_nondelay:64|tmp1[4]                        ; pulse_picker_nondelay:64|tmp1[6]                        ; PD_clk     ; PD_clk   ; None                        ; None                      ; 2.500 ns                ;
; N/A   ; 222.22 MHz ( period = 4.500 ns ) ; pulse_picker_nondelay:64|tmp1[3]                        ; pulse_picker_nondelay:64|tmp1[6]                        ; PD_clk     ; PD_clk   ; None                        ; None                      ; 2.500 ns                ;
; N/A   ; 222.22 MHz ( period = 4.500 ns ) ; pulse_picker_nondelay:64|tmp1[0]                        ; pulse_picker_nondelay:64|tmp1[5]                        ; PD_clk     ; PD_clk   ; None                        ; None                      ; 2.500 ns                ;
; N/A   ; 222.22 MHz ( period = 4.500 ns ) ; pulse_picker_nondelay:64|tmp1[1]                        ; pulse_picker_nondelay:64|tmp1[5]                        ; PD_clk     ; PD_clk   ; None                        ; None                      ; 2.500 ns                ;
; N/A   ; 222.22 MHz ( period = 4.500 ns ) ; pulse_picker_nondelay:64|tmp1[2]                        ; pulse_picker_nondelay:64|tmp1[5]                        ; PD_clk     ; PD_clk   ; None                        ; None                      ; 2.500 ns                ;
; N/A   ; 222.22 MHz ( period = 4.500 ns ) ; pulse_picker_nondelay:64|tmp1[5]                        ; pulse_picker_nondelay:64|tmp1[5]                        ; PD_clk     ; PD_clk   ; None                        ; None                      ; 2.500 ns                ;
; N/A   ; 222.22 MHz ( period = 4.500 ns ) ; pulse_picker_nondelay:64|tmp1[4]                        ; pulse_picker_nondelay:64|tmp1[5]                        ; PD_clk     ; PD_clk   ; None                        ; None                      ; 2.500 ns                ;
; N/A   ; 222.22 MHz ( period = 4.500 ns ) ; pulse_picker_nondelay:64|tmp1[3]                        ; pulse_picker_nondelay:64|tmp1[5]                        ; PD_clk     ; PD_clk   ; None                        ; None                      ; 2.500 ns                ;
; N/A   ; 222.22 MHz ( period = 4.500 ns ) ; pulse_picker_nondelay:64|tmp1[0]                        ; pulse_picker_nondelay:64|tmp1[4]                        ; PD_clk     ; PD_clk   ; None                        ; None                      ; 2.500 ns                ;
; N/A   ; 222.22 MHz ( period = 4.500 ns ) ; pulse_picker_nondelay:64|tmp1[1]                        ; pulse_picker_nondelay:64|tmp1[4]                        ; PD_clk     ; PD_clk   ; None                        ; None                      ; 2.500 ns                ;
; N/A   ; 222.22 MHz ( period = 4.500 ns ) ; pulse_picker_nondelay:64|tmp1[2]                        ; pulse_picker_nondelay:64|tmp1[4]                        ; PD_clk     ; PD_clk   ; None                        ; None                      ; 2.500 ns                ;
; N/A   ; 222.22 MHz ( period = 4.500 ns ) ; pulse_picker_nondelay:64|tmp1[12]                       ; pulse_picker_nondelay:64|tmp1[4]                        ; PD_clk     ; PD_clk   ; None                        ; None                      ; 2.500 ns                ;
; N/A   ; 222.22 MHz ( period = 4.500 ns ) ; pulse_picker_nondelay:64|tmp1[11]                       ; pulse_picker_nondelay:64|tmp1[4]                        ; PD_clk     ; PD_clk   ; None                        ; None                      ; 2.500 ns                ;
; N/A   ; 222.22 MHz ( period = 4.500 ns ) ; pulse_picker_nondelay:64|tmp1[10]                       ; pulse_picker_nondelay:64|tmp1[4]                        ; PD_clk     ; PD_clk   ; None                        ; None                      ; 2.500 ns                ;
; N/A   ; 222.22 MHz ( period = 4.500 ns ) ; pulse_picker_nondelay:64|tmp1[9]                        ; pulse_picker_nondelay:64|tmp1[4]                        ; PD_clk     ; PD_clk   ; None                        ; None                      ; 2.500 ns                ;
; N/A   ; 222.22 MHz ( period = 4.500 ns ) ; pulse_picker_nondelay:64|tmp1[8]                        ; pulse_picker_nondelay:64|tmp1[4]                        ; PD_clk     ; PD_clk   ; None                        ; None                      ; 2.500 ns                ;
; N/A   ; 222.22 MHz ( period = 4.500 ns ) ; pulse_picker_nondelay:64|tmp1[7]                        ; pulse_picker_nondelay:64|tmp1[4]                        ; PD_clk     ; PD_clk   ; None                        ; None                      ; 2.500 ns                ;
; N/A   ; 222.22 MHz ( period = 4.500 ns ) ; pulse_picker_nondelay:64|tmp1[6]                        ; pulse_picker_nondelay:64|tmp1[4]                        ; PD_clk     ; PD_clk   ; None                        ; None                      ; 2.500 ns                ;
; N/A   ; 222.22 MHz ( period = 4.500 ns ) ; pulse_picker_nondelay:64|tmp1[5]                        ; pulse_picker_nondelay:64|tmp1[4]                        ; PD_clk     ; PD_clk   ; None                        ; None                      ; 2.500 ns                ;
; N/A   ; 222.22 MHz ( period = 4.500 ns ) ; pulse_picker_nondelay:64|tmp1[4]                        ; pulse_picker_nondelay:64|tmp1[4]                        ; PD_clk     ; PD_clk   ; None                        ; None                      ; 2.500 ns                ;
; N/A   ; 222.22 MHz ( period = 4.500 ns ) ; pulse_picker_nondelay:64|tmp1[3]                        ; pulse_picker_nondelay:64|tmp1[4]                        ; PD_clk     ; PD_clk   ; None                        ; None                      ; 2.500 ns                ;
; N/A   ; 222.22 MHz ( period = 4.500 ns ) ; pulse_picker_nondelay:64|tmp1[0]                        ; pulse_picker_nondelay:64|tmp1[3]                        ; PD_clk     ; PD_clk   ; None                        ; None                      ; 2.500 ns                ;
; N/A   ; 222.22 MHz ( period = 4.500 ns ) ; pulse_picker_nondelay:64|tmp1[1]                        ; pulse_picker_nondelay:64|tmp1[3]                        ; PD_clk     ; PD_clk   ; None                        ; None                      ; 2.500 ns                ;
; N/A   ; 222.22 MHz ( period = 4.500 ns ) ; pulse_picker_nondelay:64|tmp1[2]                        ; pulse_picker_nondelay:64|tmp1[3]                        ; PD_clk     ; PD_clk   ; None                        ; None                      ; 2.500 ns                ;
; N/A   ; 222.22 MHz ( period = 4.500 ns ) ; pulse_picker_nondelay:64|tmp1[3]                        ; pulse_picker_nondelay:64|tmp1[3]                        ; PD_clk     ; PD_clk   ; None                        ; None                      ; 2.500 ns                ;
; N/A   ; 222.22 MHz ( period = 4.500 ns ) ; pulse_picker_nondelay:64|tmp1[0]                        ; pulse_picker_nondelay:64|tmp_c1                         ; PD_clk     ; PD_clk   ; None                        ; None                      ; 2.500 ns                ;
; N/A   ; 222.22 MHz ( period = 4.500 ns ) ; pulse_picker_nondelay:64|tmp1[1]                        ; pulse_picker_nondelay:64|tmp_c1                         ; PD_clk     ; PD_clk   ; None                        ; None                      ; 2.500 ns                ;
; N/A   ; 222.22 MHz ( period = 4.500 ns ) ; pulse_picker_nondelay:64|tmp1[2]                        ; pulse_picker_nondelay:64|tmp_c1                         ; PD_clk     ; PD_clk   ; None                        ; None                      ; 2.500 ns                ;
; N/A   ; 222.22 MHz ( period = 4.500 ns ) ; pulse_picker_nondelay:64|tmp1[12]                       ; pulse_picker_nondelay:64|tmp_c1                         ; PD_clk     ; PD_clk   ; None                        ; None                      ; 2.500 ns                ;
; N/A   ; 222.22 MHz ( period = 4.500 ns ) ; pulse_picker_nondelay:64|tmp1[11]                       ; pulse_picker_nondelay:64|tmp_c1                         ; PD_clk     ; PD_clk   ; None                        ; None                      ; 2.500 ns                ;
; N/A   ; 222.22 MHz ( period = 4.500 ns ) ; pulse_picker_nondelay:64|tmp1[10]                       ; pulse_picker_nondelay:64|tmp_c1                         ; PD_clk     ; PD_clk   ; None                        ; None                      ; 2.500 ns                ;
; N/A   ; 222.22 MHz ( period = 4.500 ns ) ; pulse_picker_nondelay:64|tmp1[9]                        ; pulse_picker_nondelay:64|tmp_c1                         ; PD_clk     ; PD_clk   ; None                        ; None                      ; 2.500 ns                ;
; N/A   ; 222.22 MHz ( period = 4.500 ns ) ; pulse_picker_nondelay:64|tmp1[8]                        ; pulse_picker_nondelay:64|tmp_c1                         ; PD_clk     ; PD_clk   ; None                        ; None                      ; 2.500 ns                ;
; N/A   ; 222.22 MHz ( period = 4.500 ns ) ; pulse_picker_nondelay:64|tmp1[7]                        ; pulse_picker_nondelay:64|tmp_c1                         ; PD_clk     ; PD_clk   ; None                        ; None                      ; 2.500 ns                ;
; N/A   ; 222.22 MHz ( period = 4.500 ns ) ; pulse_picker_nondelay:64|tmp1[6]                        ; pulse_picker_nondelay:64|tmp_c1                         ; PD_clk     ; PD_clk   ; None                        ; None                      ; 2.500 ns                ;
; N/A   ; 222.22 MHz ( period = 4.500 ns ) ; pulse_picker_nondelay:64|tmp1[5]                        ; pulse_picker_nondelay:64|tmp_c1                         ; PD_clk     ; PD_clk   ; None                        ; None                      ; 2.500 ns                ;
; N/A   ; 222.22 MHz ( period = 4.500 ns ) ; pulse_picker_nondelay:64|tmp1[4]                        ; pulse_picker_nondelay:64|tmp_c1                         ; PD_clk     ; PD_clk   ; None                        ; None                      ; 2.500 ns                ;
; N/A   ; 222.22 MHz ( period = 4.500 ns ) ; pulse_picker_nondelay:64|tmp1[3]                        ; pulse_picker_nondelay:64|tmp_c1                         ; PD_clk     ; PD_clk   ; None                        ; None                      ; 2.500 ns                ;
; N/A   ; 222.22 MHz ( period = 4.500 ns ) ; pulse_picker_nondelay:64|tmp_c1                         ; pulse_picker_nondelay:64|tmp_c1                         ; PD_clk     ; PD_clk   ; None                        ; None                      ; 2.500 ns                ;
; N/A   ; 222.22 MHz ( period = 4.500 ns ) ; pulse_picker_nondelay:64|lpm_counter:tmp2_rtl_0|dffs[4] ; pulse_picker_nondelay:64|lpm_counter:tmp2_rtl_0|dffs[4] ; PD_clk     ; PD_clk   ; None                        ; None                      ; 2.500 ns                ;
; N/A   ; 222.22 MHz ( period = 4.500 ns ) ; pulse_picker_nondelay:64|lpm_counter:tmp2_rtl_0|dffs[0] ; pulse_picker_nondelay:64|lpm_counter:tmp2_rtl_0|dffs[4] ; PD_clk     ; PD_clk   ; None                        ; None                      ; 2.500 ns                ;
; N/A   ; 222.22 MHz ( period = 4.500 ns ) ; pulse_picker_nondelay:64|lpm_counter:tmp2_rtl_0|dffs[0] ; pulse_picker_nondelay:64|lpm_counter:tmp2_rtl_0|dffs[0] ; PD_clk     ; PD_clk   ; None                        ; None                      ; 2.500 ns                ;
; N/A   ; 222.22 MHz ( period = 4.500 ns ) ; pulse_picker_nondelay:64|lpm_counter:tmp2_rtl_0|dffs[0] ; pulse_picker_nondelay:64|lpm_counter:tmp2_rtl_0|dffs[3] ; PD_clk     ; PD_clk   ; None                        ; None                      ; 2.500 ns                ;
; N/A   ; 222.22 MHz ( period = 4.500 ns ) ; pulse_picker_nondelay:64|lpm_counter:tmp2_rtl_0|dffs[3] ; pulse_picker_nondelay:64|lpm_counter:tmp2_rtl_0|dffs[3] ; PD_clk     ; PD_clk   ; None                        ; None                      ; 2.500 ns                ;
; N/A   ; 222.22 MHz ( period = 4.500 ns ) ; pulse_picker_nondelay:64|lpm_counter:tmp2_rtl_0|dffs[0] ; pulse_picker_nondelay:64|lpm_counter:tmp2_rtl_0|dffs[1] ; PD_clk     ; PD_clk   ; None                        ; None                      ; 2.500 ns                ;
; N/A   ; 222.22 MHz ( period = 4.500 ns ) ; pulse_picker_nondelay:64|lpm_counter:tmp2_rtl_0|dffs[1] ; pulse_picker_nondelay:64|lpm_counter:tmp2_rtl_0|dffs[1] ; PD_clk     ; PD_clk   ; None                        ; None                      ; 2.500 ns                ;
; N/A   ; 222.22 MHz ( period = 4.500 ns ) ; pulse_picker_nondelay:64|lpm_counter:tmp2_rtl_0|dffs[0] ; pulse_picker_nondelay:64|lpm_counter:tmp2_rtl_0|dffs[2] ; PD_clk     ; PD_clk   ; None                        ; None                      ; 2.500 ns                ;
; N/A   ; 222.22 MHz ( period = 4.500 ns ) ; pulse_picker_nondelay:64|lpm_counter:tmp2_rtl_0|dffs[2] ; pulse_picker_nondelay:64|lpm_counter:tmp2_rtl_0|dffs[2] ; PD_clk     ; PD_clk   ; None                        ; None                      ; 2.500 ns                ;
; N/A   ; 222.22 MHz ( period = 4.500 ns ) ; pulse_picker_nondelay:64|lpm_counter:tmp2_rtl_0|dffs[0] ; pulse_picker_nondelay:64|lpm_counter:tmp2_rtl_0|dffs[5] ; PD_clk     ; PD_clk   ; None                        ; None                      ; 2.500 ns                ;
; N/A   ; 222.22 MHz ( period = 4.500 ns ) ; pulse_picker_nondelay:64|lpm_counter:tmp2_rtl_0|dffs[5] ; pulse_picker_nondelay:64|lpm_counter:tmp2_rtl_0|dffs[5] ; PD_clk     ; PD_clk   ; None                        ; None                      ; 2.500 ns                ;
+-------+----------------------------------+---------------------------------------------------------+---------------------------------------------------------+------------+----------+-----------------------------+---------------------------+-------------------------+


+---------------------------------------------------------------------------------------------------------------+
; tco                                                                                                           ;
+-------+--------------+------------+---------------------------------------------------------+----+------------+
; Slack ; Required tco ; Actual tco ; From                                                    ; To ; From Clock ;
+-------+--------------+------------+---------------------------------------------------------+----+------------+
; N/A   ; None         ; 7.600 ns   ; pulse_picker_nondelay:64|lpm_counter:tmp2_rtl_0|dffs[4] ; AA ; PD_clk     ;
; N/A   ; None         ; 7.600 ns   ; pulse_picker_nondelay:64|lpm_counter:tmp2_rtl_0|dffs[3] ; AA ; PD_clk     ;
; N/A   ; None         ; 7.600 ns   ; pulse_picker_nondelay:64|lpm_counter:tmp2_rtl_0|dffs[1] ; AA ; PD_clk     ;
; N/A   ; None         ; 7.600 ns   ; pulse_picker_nondelay:64|lpm_counter:tmp2_rtl_0|dffs[2] ; AA ; PD_clk     ;
; N/A   ; None         ; 7.600 ns   ; pulse_picker_nondelay:64|lpm_counter:tmp2_rtl_0|dffs[5] ; AA ; PD_clk     ;
; N/A   ; None         ; 4.400 ns   ; pulse_picker_nondelay:64|tmp_c1                         ; OO ; PD_clk     ;
+-------+--------------+------------+---------------------------------------------------------+----+------------+


+----------------------------------------------------------+
; tpd                                                      ;
+-------+-------------------+-----------------+------+-----+
; Slack ; Required P2P Time ; Actual P2P Time ; From ; To  ;
+-------+-------------------+-----------------+------+-----+
; N/A   ; None              ; 4.500 ns        ; clk  ; out ;
+-------+-------------------+-----------------+------+-----+


+--------------------------+
; Timing Analyzer Messages ;
+--------------------------+
Info: *******************************************************************
Info: Running Quartus II Classic Timing Analyzer
    Info: Version 9.0 Build 132 02/25/2009 SJ Full Version
    Info: Processing started: Thu Oct 31 17:02:29 2013
Info: Command: quartus_tan --read_settings_files=off --write_settings_files=off pulse_picker -c pulse_picker
Info: Parallel compilation is enabled and will use 2 of the 2 processors detected
Info: Started post-fitting delay annotation
Info: Delay annotation completed successfully
Warning: Timing Analysis does not support the analysis of latches as synchronous elements for the currently selected device family
Warning: Found pins functioning as undefined clocks and/or memory enables
    Info: Assuming node "PD_clk" is an undefined clock
Info: Clock "PD_clk" has Internal fmax of 217.39 MHz between source register "pulse_picker_nondelay:64|lpm_counter:tmp2_rtl_0|dffs[3]" and destination register "pulse_picker_nondelay:64|lpm_counter:tmp2_rtl_0|dffs[4]" (period= 4.6 ns)
    Info: + Longest register to register delay is 2.600 ns
        Info: 1: + IC(0.000 ns) + CELL(0.000 ns) = 0.000 ns; Loc. = LC20; Fanout = 5; REG Node = 'pulse_picker_nondelay:64|lpm_counter:tmp2_rtl_0|dffs[3]'
        Info: 2: + IC(1.100 ns) + CELL(1.500 ns) = 2.600 ns; Loc. = LC18; Fanout = 5; REG Node = 'pulse_picker_nondelay:64|lpm_counter:tmp2_rtl_0|dffs[4]'
        Info: Total cell delay = 1.500 ns ( 57.69 % )
        Info: Total interconnect delay = 1.100 ns ( 42.31 % )
    Info: - Smallest clock skew is 0.000 ns
        Info: + Shortest clock path from clock "PD_clk" to destination register is 2.900 ns
            Info: 1: + IC(0.000 ns) + CELL(0.600 ns) = 0.600 ns; Loc. = PIN_33; Fanout = 20; CLK Node = 'PD_clk'
            Info: 2: + IC(1.100 ns) + CELL(1.200 ns) = 2.900 ns; Loc. = LC18; Fanout = 5; REG Node = 'pulse_picker_nondelay:64|lpm_counter:tmp2_rtl_0|dffs[4]'
            Info: Total cell delay = 1.800 ns ( 62.07 % )
            Info: Total interconnect delay = 1.100 ns ( 37.93 % )
        Info: - Longest clock path from clock "PD_clk" to source register is 2.900 ns
            Info: 1: + IC(0.000 ns) + CELL(0.600 ns) = 0.600 ns; Loc. = PIN_33; Fanout = 20; CLK Node = 'PD_clk'
            Info: 2: + IC(1.100 ns) + CELL(1.200 ns) = 2.900 ns; Loc. = LC20; Fanout = 5; REG Node = 'pulse_picker_nondelay:64|lpm_counter:tmp2_rtl_0|dffs[3]'
            Info: Total cell delay = 1.800 ns ( 62.07 % )
            Info: Total interconnect delay = 1.100 ns ( 37.93 % )
    Info: + Micro clock to output delay of source is 0.700 ns
    Info: + Micro setup delay of destination is 1.300 ns
Info: tco from clock "PD_clk" to destination pin "AA" through register "pulse_picker_nondelay:64|lpm_counter:tmp2_rtl_0|dffs[4]" is 7.600 ns
    Info: + Longest clock path from clock "PD_clk" to source register is 2.900 ns
        Info: 1: + IC(0.000 ns) + CELL(0.600 ns) = 0.600 ns; Loc. = PIN_33; Fanout = 20; CLK Node = 'PD_clk'
        Info: 2: + IC(1.100 ns) + CELL(1.200 ns) = 2.900 ns; Loc. = LC18; Fanout = 5; REG Node = 'pulse_picker_nondelay:64|lpm_counter:tmp2_rtl_0|dffs[4]'
        Info: Total cell delay = 1.800 ns ( 62.07 % )
        Info: Total interconnect delay = 1.100 ns ( 37.93 % )
    Info: + Micro clock to output delay of source is 0.700 ns
    Info: + Longest register to pin delay is 4.000 ns
        Info: 1: + IC(0.000 ns) + CELL(0.000 ns) = 0.000 ns; Loc. = LC18; Fanout = 5; REG Node = 'pulse_picker_nondelay:64|lpm_counter:tmp2_rtl_0|dffs[4]'
        Info: 2: + IC(1.100 ns) + CELL(2.100 ns) = 3.200 ns; Loc. = LC11; Fanout = 1; COMB Node = 'pulse_picker_nondelay:64|LessThan0~5'
        Info: 3: + IC(0.000 ns) + CELL(0.800 ns) = 4.000 ns; Loc. = PIN_44; Fanout = 0; PIN Node = 'AA'
        Info: Total cell delay = 2.900 ns ( 72.50 % )
        Info: Total interconnect delay = 1.100 ns ( 27.50 % )
Info: Longest tpd from source pin "clk" to destination pin "out" is 4.500 ns
    Info: 1: + IC(0.000 ns) + CELL(0.600 ns) = 0.600 ns; Loc. = PIN_6; Fanout = 1; PIN Node = 'clk'
    Info: 2: + IC(1.000 ns) + CELL(2.100 ns) = 3.700 ns; Loc. = LC64; Fanout = 1; COMB Node = 'clk~1'
    Info: 3: + IC(0.000 ns) + CELL(0.800 ns) = 4.500 ns; Loc. = PIN_35; Fanout = 0; PIN Node = 'out'
    Info: Total cell delay = 3.500 ns ( 77.78 % )
    Info: Total interconnect delay = 1.000 ns ( 22.22 % )
Info: Quartus II Classic Timing Analyzer was successful. 0 errors, 2 warnings
    Info: Peak virtual memory: 130 megabytes
    Info: Processing ended: Thu Oct 31 17:02:29 2013
    Info: Elapsed time: 00:00:00
    Info: Total CPU time (on all processors): 00:00:00


