Analysis & Synthesis report for pulse_picker
Fri Dec 27 16:47:57 2013
Quartus II Version 9.0 Build 132 02/25/2009 SJ Full Version


---------------------
; Table of Contents ;
---------------------
  1. Legal Notice
  2. Analysis & Synthesis Summary
  3. Analysis & Synthesis Settings
  4. Analysis & Synthesis Source Files Read
  5. Analysis & Synthesis Messages



----------------
; Legal Notice ;
----------------
Copyright (C) 1991-2009 Altera Corporation
Your use of Altera Corporation's design tools, logic functions 
and other software and tools, and its AMPP partner logic 
functions, and any output files from any of the foregoing 
(including device programming or simulation files), and any 
associated documentation or information are expressly subject 
to the terms and conditions of the Altera Program License 
Subscription Agreement, Altera MegaCore Function License 
Agreement, or other applicable license agreement, including, 
without limitation, that your use is for the sole purpose of 
programming logic devices manufactured by Altera and sold by 
Altera or its authorized distributors.  Please refer to the 
applicable agreement for further details.



+------------------------------------------------------------------------+
; Analysis & Synthesis Summary                                           ;
+-----------------------------+------------------------------------------+
; Analysis & Synthesis Status ; Failed - Fri Dec 27 16:47:57 2013        ;
; Quartus II Version          ; 9.0 Build 132 02/25/2009 SJ Full Version ;
; Revision Name               ; pulse_picker                             ;
; Top-level Entity Name       ; pulse_picker_div                         ;
; Family                      ; MAX3000A                                 ;
+-----------------------------+------------------------------------------+


+---------------------------------------------------------------------------------------------------+
; Analysis & Synthesis Settings                                                                     ;
+----------------------------------------------------------------+------------------+---------------+
; Option                                                         ; Setting          ; Default Value ;
+----------------------------------------------------------------+------------------+---------------+
; Device                                                         ; EPM3064ATC44-4   ;               ;
; Top-level entity name                                          ; pulse_picker_div ; pulse_picker  ;
; Family name                                                    ; MAX3000A         ; Stratix II    ;
; Use smart compilation                                          ; Off              ; Off           ;
; Create Debugging Nodes for IP Cores                            ; Off              ; Off           ;
; Preserve fewer node names                                      ; On               ; On            ;
; Disable OpenCore Plus hardware evaluation                      ; Off              ; Off           ;
; Verilog Version                                                ; Verilog_2001     ; Verilog_2001  ;
; VHDL Version                                                   ; VHDL93           ; VHDL93        ;
; State Machine Processing                                       ; Auto             ; Auto          ;
; Safe State Machine                                             ; Off              ; Off           ;
; Extract Verilog State Machines                                 ; On               ; On            ;
; Extract VHDL State Machines                                    ; On               ; On            ;
; Ignore Verilog initial constructs                              ; Off              ; Off           ;
; Iteration limit for constant Verilog loops                     ; 5000             ; 5000          ;
; Iteration limit for non-constant Verilog loops                 ; 250              ; 250           ;
; Add Pass-Through Logic to Inferred RAMs                        ; On               ; On            ;
; Parallel Synthesis                                             ; Off              ; Off           ;
; NOT Gate Push-Back                                             ; On               ; On            ;
; Power-Up Don't Care                                            ; On               ; On            ;
; Remove Duplicate Registers                                     ; On               ; On            ;
; Ignore CARRY Buffers                                           ; Off              ; Off           ;
; Ignore CASCADE Buffers                                         ; Off              ; Off           ;
; Ignore GLOBAL Buffers                                          ; Off              ; Off           ;
; Ignore ROW GLOBAL Buffers                                      ; Off              ; Off           ;
; Ignore LCELL Buffers                                           ; Auto             ; Auto          ;
; Ignore SOFT Buffers                                            ; Off              ; Off           ;
; Limit AHDL Integers to 32 Bits                                 ; Off              ; Off           ;
; Optimization Technique                                         ; Speed            ; Speed         ;
; Allow XOR Gate Usage                                           ; On               ; On            ;
; Auto Logic Cell Insertion                                      ; On               ; On            ;
; Parallel Expander Chain Length                                 ; 4                ; 4             ;
; Auto Parallel Expanders                                        ; On               ; On            ;
; Auto Open-Drain Pins                                           ; On               ; On            ;
; Auto Resource Sharing                                          ; Off              ; Off           ;
; Maximum Fan-in Per Macrocell                                   ; 100              ; 100           ;
; Use LogicLock Constraints during Resource Balancing            ; On               ; On            ;
; Ignore translate_off and synthesis_off directives              ; Off              ; Off           ;
; Show Parameter Settings Tables in Synthesis Report             ; On               ; On            ;
; HDL message level                                              ; Level2           ; Level2        ;
; Suppress Register Optimization Related Messages                ; Off              ; Off           ;
; Number of Removed Registers Reported in Synthesis Report       ; 100              ; 100           ;
; Number of Inverted Registers Reported in Synthesis Report      ; 100              ; 100           ;
; Block Design Naming                                            ; Auto             ; Auto          ;
; Synthesis Effort                                               ; Auto             ; Auto          ;
; Allows Asynchronous Clear Usage For Shift Register Replacement ; On               ; On            ;
; Analysis & Synthesis Message Level                             ; Medium           ; Medium        ;
+----------------------------------------------------------------+------------------+---------------+


+-----------------------------------------------------------------------------------------------+
; Analysis & Synthesis Source Files Read                                                        ;
+----------------------------------+-----------------+-----------+------------------------------+
; File Name with User-Entered Path ; Used in Netlist ; File Type ; File Name with Absolute Path ;
+----------------------------------+-----------------+-----------+------------------------------+


+-------------------------------+
; Analysis & Synthesis Messages ;
+-------------------------------+
Info: *******************************************************************
Info: Running Quartus II Analysis & Synthesis
    Info: Version 9.0 Build 132 02/25/2009 SJ Full Version
    Info: Processing started: Fri Dec 27 16:47:56 2013
Info: Command: quartus_map --read_settings_files=on --write_settings_files=off pulse_picker -c pulse_picker
Info: Found 2 design units, including 1 entities, in source file pulse_picker_div.vhd
    Info: Found design unit 1: pulse_picker_div-a
    Info: Found entity 1: pulse_picker_div
Info: Found 1 design units, including 1 entities, in source file pulse_picker.bdf
    Info: Found entity 1: pulse_picker
Error (10482): VHDL error at pulse_picker_div.vhd(110): object "expression" is used but not declared File: D:/github/workrepo/FBLASER/CPLD/pulse_picker_div.vhd Line: 110
Error: Quartus II Analysis & Synthesis was unsuccessful. 1 error, 0 warnings
    Error: Peak virtual memory: 183 megabytes
    Error: Processing ended: Fri Dec 27 16:47:57 2013
    Error: Elapsed time: 00:00:01
    Error: Total CPU time (on all processors): 00:00:01


